# JRE version: OpenJDK Runtime Environment (11.0.12+7) (build 11.0.12+7-b1504.28-7817840)
# Java VM: OpenJDK 64-Bit Server VM (11.0.12+7-b1504.28-7817840, mixed mode, tiered, compressed oops, g1 gc, windows-amd64)
Heap:
 garbage-first heap   total 187392K, used 100713K [0x0000000082400000, 0x0000000100000000)
  region size 1024K, 59 young (60416K), 8 survivors (8192K)
 Metaspace       used 71305K, capacity 71893K, committed 72148K, reserved 1114112K
  class space    used 7907K, capacity 8152K, committed 8192K, reserved 1048576K
GC Heap History (20 events):
Event: 0.607 GC heap before
{Heap before GC invocations=0 (full 0):
 garbage-first heap   total 129024K, used 27648K [0x0000000082400000, 0x0000000100000000)
  region size 1024K, 24 young (24576K), 0 survivors (0K)
 Metaspace       used 12373K, capacity 12504K, committed 12800K, reserved 1060864K
  class space    used 1168K, capacity 1207K, committed 1280K, reserved 1048576K
}
Event: 0.610 GC heap after
{Heap after GC invocations=1 (full 0):
 garbage-first heap   total 129024K, used 5914K [0x0000000082400000, 0x0000000100000000)
  region size 1024K, 3 young (3072K), 3 survivors (3072K)
 Metaspace       used 12373K, capacity 12504K, committed 12800K, reserved 1060864K
  class space    used 1168K, capacity 1207K, committed 1280K, reserved 1048576K
}
Event: 1.294 GC heap before
{Heap before GC invocations=1 (full 0):
 garbage-first heap   total 129024K, used 40730K [0x0000000082400000, 0x0000000100000000)
  region size 1024K, 38 young (38912K), 3 survivors (3072K)
 Metaspace       used 20898K, capacity 21087K, committed 21296K, reserved 1069056K
  class space    used 2224K, capacity 2312K, committed 2432K, reserved 1048576K
}
Event: 1.304 GC heap after
{Heap after GC invocations=2 (full 0):
 garbage-first heap   total 129024K, used 9114K [0x0000000082400000, 0x0000000100000000)
  region size 1024K, 6 young (6144K), 6 survivors (6144K)
 Metaspace       used 20898K, capacity 21087K, committed 21296K, reserved 1069056K
  class space    used 2224K, capacity 2312K, committed 2432K, reserved 1048576K
}
Event: 2.442 GC heap before
{Heap before GC invocations=3 (full 0):
 garbage-first heap   total 129024K, used 63386K [0x0000000082400000, 0x0000000100000000)
  region size 1024K, 54 young (55296K), 6 survivors (6144K)
 Metaspace       used 32690K, capacity 33140K, committed 33456K, reserved 1079296K
  class space    used 4093K, capacity 4278K, committed 4352K, reserved 1048576K
}
Event: 2.460 GC heap after
{Heap after GC invocations=4 (full 0):
 garbage-first heap   total 129024K, used 20170K [0x0000000082400000, 0x0000000100000000)
  region size 1024K, 7 young (7168K), 7 survivors (7168K)
 Metaspace       used 32690K, capacity 33140K, committed 33456K, reserved 1079296K
  class space    used 4093K, capacity 4278K, committed 4352K, reserved 1048576K
}
Event: 2.571 GC heap before
{Heap before GC invocations=4 (full 0):
 garbage-first heap   total 129024K, used 26314K [0x0000000082400000, 0x0000000100000000)
  region size 1024K, 13 young (13312K), 7 survivors (7168K)
 Metaspace       used 33979K, capacity 34420K, committed 34608K, reserved 1079296K
  class space    used 4230K, capacity 4406K, committed 4480K, reserved 1048576K
}
Event: 2.583 GC heap after
{Heap after GC invocations=5 (full 0):
 garbage-first heap   total 129024K, used 21750K [0x0000000082400000, 0x0000000100000000)
  region size 1024K, 2 young (2048K), 2 survivors (2048K)
 Metaspace       used 33979K, capacity 34420K, committed 34608K, reserved 1079296K
  class space    used 4230K, capacity 4406K, committed 4480K, reserved 1048576K
}
Event: 2.728 GC heap before
{Heap before GC invocations=5 (full 0):
 garbage-first heap   total 129024K, used 28918K [0x0000000082400000, 0x0000000100000000)
  region size 1024K, 10 young (10240K), 2 survivors (2048K)
 Metaspace       used 35382K, capacity 35807K, committed 35920K, reserved 1081344K
  class space    used 4385K, capacity 4570K, committed 4608K, reserved 1048576K
}
Event: 2.731 GC heap after
{Heap after GC invocations=6 (full 0):
 garbage-first heap   total 155648K, used 19833K [0x0000000082400000, 0x0000000100000000)
  region size 1024K, 2 young (2048K), 2 survivors (2048K)
 Metaspace       used 35382K, capacity 35807K, committed 35920K, reserved 1081344K
  class space    used 4385K, capacity 4570K, committed 4608K, reserved 1048576K
}
Event: 3.805 GC heap before
{Heap before GC invocations=7 (full 0):
 garbage-first heap   total 155648K, used 78201K [0x0000000082400000, 0x0000000100000000)
  region size 1024K, 57 young (58368K), 2 survivors (2048K)
 Metaspace       used 45918K, capacity 46364K, committed 46544K, reserved 1089536K
  class space    used 5483K, capacity 5677K, committed 5760K, reserved 1048576K
}
Event: 3.818 GC heap after
{Heap after GC invocations=8 (full 0):
 garbage-first heap   total 155648K, used 27986K [0x0000000082400000, 0x0000000100000000)
  region size 1024K, 8 young (8192K), 8 survivors (8192K)
 Metaspace       used 45918K, capacity 46364K, committed 46544K, reserved 1089536K
  class space    used 5483K, capacity 5677K, committed 5760K, reserved 1048576K
}
Event: 5.035 GC heap before
{Heap before GC invocations=8 (full 0):
 garbage-first heap   total 155648K, used 89426K [0x0000000082400000, 0x0000000100000000)
  region size 1024K, 67 young (68608K), 8 survivors (8192K)
 Metaspace       used 49617K, capacity 50154K, committed 50384K, reserved 1093632K
  class space    used 5726K, capacity 5911K, committed 6016K, reserved 1048576K
}
Event: 5.051 GC heap after
{Heap after GC invocations=9 (full 0):
 garbage-first heap   total 155648K, used 35744K [0x0000000082400000, 0x0000000100000000)
  region size 1024K, 8 young (8192K), 8 survivors (8192K)
 Metaspace       used 49617K, capacity 50154K, committed 50384K, reserved 1093632K
  class space    used 5726K, capacity 5911K, committed 6016K, reserved 1048576K
}
Event: 6.112 GC heap before
{Heap before GC invocations=9 (full 0):
 garbage-first heap   total 155648K, used 96160K [0x0000000082400000, 0x0000000100000000)
  region size 1024K, 67 young (68608K), 8 survivors (8192K)
 Metaspace       used 56044K, capacity 56599K, committed 56784K, reserved 1099776K
  class space    used 6449K, capacity 6702K, committed 6784K, reserved 1048576K
}
Event: 6.129 GC heap after
{Heap after GC invocations=10 (full 0):
 garbage-first heap   total 155648K, used 42120K [0x0000000082400000, 0x0000000100000000)
  region size 1024K, 7 young (7168K), 7 survivors (7168K)
 Metaspace       used 56044K, capacity 56599K, committed 56784K, reserved 1099776K
  class space    used 6449K, capacity 6702K, committed 6784K, reserved 1048576K
}
Event: 6.616 GC heap before
{Heap before GC invocations=10 (full 0):
 garbage-first heap   total 155648K, used 59528K [0x0000000082400000, 0x0000000100000000)
  region size 1024K, 25 young (25600K), 7 survivors (7168K)
 Metaspace       used 59558K, capacity 60098K, committed 60240K, reserved 1101824K
  class space    used 6812K, capacity 7058K, committed 7168K, reserved 1048576K
}
Event: 6.627 GC heap after
{Heap after GC invocations=11 (full 0):
 garbage-first heap   total 155648K, used 44440K [0x0000000082400000, 0x0000000100000000)
  region size 1024K, 3 young (3072K), 3 survivors (3072K)
 Metaspace       used 59558K, capacity 60098K, committed 60240K, reserved 1101824K
  class space    used 6812K, capacity 7058K, committed 7168K, reserved 1048576K
}
Event: 7.528 GC heap before
{Heap before GC invocations=12 (full 0):
 garbage-first heap   total 155648K, used 107928K [0x0000000082400000, 0x0000000100000000)
  region size 1024K, 65 young (66560K), 3 survivors (3072K)
 Metaspace       used 65747K, capacity 66338K, committed 66516K, reserved 1107968K
  class space    used 7430K, capacity 7666K, committed 7680K, reserved 1048576K
}
Event: 7.542 GC heap after
{Heap after GC invocations=13 (full 0):
 garbage-first heap   total 187392K, used 49513K [0x0000000082400000, 0x0000000100000000)
  region size 1024K, 8 young (8192K), 8 survivors (8192K)
 Metaspace       used 65747K, capacity 66338K, committed 66516K, reserved 1107968K
  class space    used 7430K, capacity 7666K, committed 7680K, reserved 1048576K
}

