# JRE version: OpenJDK Runtime Environment (11.0.12+7) (build 11.0.12+7-b1504.28-7817840)
# Java VM: OpenJDK 64-Bit Server VM (11.0.12+7-b1504.28-7817840, mixed mode, tiered, compressed oops, g1 gc, windows-amd64)
Heap:
 garbage-first heap   total 165888K, used 33877K [0x0000000082400000, 0x0000000100000000)
  region size 1024K, 15 young (15360K), 6 survivors (6144K)
 Metaspace       used 45684K, capacity 46236K, committed 46544K, reserved 1089536K
  class space    used 5470K, capacity 5677K, committed 5760K, reserved 1048576K
GC Heap History (10 events):
Event: 0.477 GC heap before
{Heap before GC invocations=0 (full 0):
 garbage-first heap   total 129024K, used 27648K [0x0000000082400000, 0x0000000100000000)
  region size 1024K, 24 young (24576K), 0 survivors (0K)
 Metaspace       used 12371K, capacity 12504K, committed 12800K, reserved 1060864K
  class space    used 1168K, capacity 1207K, committed 1280K, reserved 1048576K
}
Event: 0.481 GC heap after
{Heap after GC invocations=1 (full 0):
 garbage-first heap   total 129024K, used 5895K [0x0000000082400000, 0x0000000100000000)
  region size 1024K, 3 young (3072K), 3 survivors (3072K)
 Metaspace       used 12371K, capacity 12504K, committed 12800K, reserved 1060864K
  class space    used 1168K, capacity 1207K, committed 1280K, reserved 1048576K
}
Event: 0.990 GC heap before
{Heap before GC invocations=1 (full 0):
 garbage-first heap   total 129024K, used 40711K [0x0000000082400000, 0x0000000100000000)
  region size 1024K, 38 young (38912K), 3 survivors (3072K)
 Metaspace       used 20890K, capacity 21087K, committed 21296K, reserved 1069056K
  class space    used 2224K, capacity 2312K, committed 2432K, reserved 1048576K
}
Event: 1.000 GC heap after
{Heap after GC invocations=2 (full 0):
 garbage-first heap   total 129024K, used 9122K [0x0000000082400000, 0x0000000100000000)
  region size 1024K, 6 young (6144K), 6 survivors (6144K)
 Metaspace       used 20890K, capacity 21087K, committed 21296K, reserved 1069056K
  class space    used 2224K, capacity 2312K, committed 2432K, reserved 1048576K
}
Event: 1.705 GC heap before
{Heap before GC invocations=3 (full 0):
 garbage-first heap   total 129024K, used 63394K [0x0000000082400000, 0x0000000100000000)
  region size 1024K, 54 young (55296K), 6 survivors (6144K)
 Metaspace       used 32784K, capacity 33236K, committed 33456K, reserved 1079296K
  class space    used 4107K, capacity 4310K, committed 4352K, reserved 1048576K
}
Event: 1.721 GC heap after
{Heap after GC invocations=4 (full 0):
 garbage-first heap   total 129024K, used 20274K [0x0000000082400000, 0x0000000100000000)
  region size 1024K, 7 young (7168K), 7 survivors (7168K)
 Metaspace       used 32784K, capacity 33236K, committed 33456K, reserved 1079296K
  class space    used 4107K, capacity 4310K, committed 4352K, reserved 1048576K
}
Event: 1.880 GC heap before
{Heap before GC invocations=4 (full 0):
 garbage-first heap   total 129024K, used 32562K [0x0000000082400000, 0x0000000100000000)
  region size 1024K, 20 young (20480K), 7 survivors (7168K)
 Metaspace       used 35369K, capacity 35807K, committed 35920K, reserved 1081344K
  class space    used 4381K, capacity 4570K, committed 4608K, reserved 1048576K
}
Event: 1.896 GC heap after
{Heap after GC invocations=5 (full 0):
 garbage-first heap   total 129024K, used 19996K [0x0000000082400000, 0x0000000100000000)
  region size 1024K, 2 young (2048K), 2 survivors (2048K)
 Metaspace       used 35369K, capacity 35807K, committed 35920K, reserved 1081344K
  class space    used 4381K, capacity 4570K, committed 4608K, reserved 1048576K
}
Event: 2.512 GC heap before
{Heap before GC invocations=6 (full 0):
 garbage-first heap   total 129024K, used 66076K [0x0000000082400000, 0x0000000100000000)
  region size 1024K, 47 young (48128K), 2 survivors (2048K)
 Metaspace       used 45237K, capacity 45756K, committed 46032K, reserved 1089536K
  class space    used 5433K, capacity 5645K, committed 5760K, reserved 1048576K
}
Event: 2.520 GC heap after
{Heap after GC invocations=7 (full 0):
 garbage-first heap   total 165888K, used 23637K [0x0000000082400000, 0x0000000100000000)
  region size 1024K, 6 young (6144K), 6 survivors (6144K)
 Metaspace       used 45237K, capacity 45756K, committed 46032K, reserved 1089536K
  class space    used 5433K, capacity 5645K, committed 5760K, reserved 1048576K
}

